[debug] [2019-09-29T06:59:49.200Z] ----------------------------------------------------------------------
[debug] [2019-09-29T06:59:49.203Z] Command:       /usr/local/Cellar/node/12.10.0/bin/node /usr/local/bin/firebase init
[debug] [2019-09-29T06:59:49.203Z] CLI Version:   7.4.0
[debug] [2019-09-29T06:59:49.203Z] Platform:      darwin
[debug] [2019-09-29T06:59:49.203Z] Node Version:  v12.10.0
[debug] [2019-09-29T06:59:49.204Z] Time:          Sun Sep 29 2019 01:59:49 GMT-0500 (Central Daylight Time)
[debug] [2019-09-29T06:59:49.204Z] ----------------------------------------------------------------------
[debug] 
[debug] [2019-09-29T06:59:49.212Z] > command requires scopes: ["email","openid","https://www.googleapis.com/auth/cloudplatformprojects.readonly","https://www.googleapis.com/auth/firebase","https://www.googleapis.com/auth/cloud-platform"]
[debug] [2019-09-29T06:59:49.213Z] > authorizing via signed-in user
[info] 
     ######## #### ########  ######## ########     ###     ######  ########
     ##        ##  ##     ## ##       ##     ##  ##   ##  ##       ##
     ######    ##  ########  ######   ########  #########  ######  ######
     ##        ##  ##    ##  ##       ##     ## ##     ##       ## ##
     ##       #### ##     ## ######## ########  ##     ##  ######  ########

You're about to initialize a Firebase project in this directory:

  /Users/owenzhang/Desktop/Northwestern/2019-2020/Fall/EECS 397/scheduler

[info] 
=== Project Setup
[info] 
[info] First, let's associate this project directory with a Firebase project.
[info] You can create multiple project aliases by running firebase use --add, 
[info] but for now we'll just set up a default project.
[info] 
[info] i  If you want to create a project in a Google Cloud organization or folder, please use "firebase projects:create" instead, and return to this command when you've created the project.
[debug] [2019-09-29T07:00:06.596Z] >>> HTTP REQUEST POST https://cloudresourcemanager.googleapis.com/v1/projects  

[debug] [2019-09-29T07:00:06.954Z] <<< HTTP RESPONSE 400
[debug] [2019-09-29T07:00:06.955Z] <<< HTTP RESPONSE BODY
[debug] [2019-09-29T07:00:06.957Z] HTTP Error: 400, Google Cloud Platform service has been disabled. Please contact your administrator to restore service.
[debug] [2019-09-29T07:00:07.139Z] FirebaseError: HTTP Error: 400, Google Cloud Platform service has been disabled. Please contact your administrator to restore service.
    at module.exports (/usr/local/lib/node_modules/firebase-tools/lib/responseToError.js:38:12)
    at Request._callback (/usr/local/lib/node_modules/firebase-tools/lib/api.js:39:35)
    at Request.self.callback (/usr/local/lib/node_modules/firebase-tools/node_modules/request/request.js:185:22)
    at Request.emit (events.js:209:13)
    at Request.EventEmitter.emit (domain.js:476:20)
    at Request.<anonymous> (/usr/local/lib/node_modules/firebase-tools/node_modules/request/request.js:1161:10)
    at Request.emit (events.js:209:13)
    at Request.EventEmitter.emit (domain.js:476:20)
    at IncomingMessage.<anonymous> (/usr/local/lib/node_modules/firebase-tools/node_modules/request/request.js:1083:12)
    at Object.onceWrapper (events.js:298:28)
[error] 
[error] Error: Failed to create Google Cloud project. See firebase-debug.log for more info.
